<?xml version="1.0" encoding="UTF-8"?>
<testsuite name="lab_3.Serializers.JSONSerializerTest" tests="1" skipped="0" failures="0" errors="0" timestamp="2024-11-26T07:11:01" hostname="Vania-MBP" time="0.208">
  <properties/>
  <testcase name="testSerialize()" classname="lab_3.Serializers.JSONSerializerTest" time="0.208"/>
  <system-out><![CDATA[]]></system-out>
  <system-err><![CDATA[]]></system-err>
</testsuite>
